#
# A fatal error has been detected by the Java Runtime Environment:
#
#  SIGSEGV (0xb) at pc=0x000000010ca2393e, pid=881, tid=41475
#
# JRE version: OpenJDK Runtime Environment AdoptOpenJDK (11.0.9.1+1) (build 11.0.9.1+1)
# Java VM: OpenJDK 64-Bit Server VM AdoptOpenJDK (11.0.9.1+1, mixed mode, tiered, compressed oops, g1 gc, bsd-amd64)
# Problematic frame:
# C  [libjimage.dylib+0x193e]  _ZN12ImageStrings4findEP6EndianPKcPij+0x52
#
# No core dump will be written. Core dumps have been disabled. To enable core dumping, try "ulimit -c unlimited" before starting Java again
#
# If you would like to submit a bug report, please visit:
#   https://github.com/AdoptOpenJDK/openjdk-support/issues
#

---------------  S U M M A R Y ------------

Command Line: -agentlib:jdwp=transport=dt_socket,suspend=y,address=localhost:49348 -Dmaven.home=EMBEDDED -Dclassworlds.conf=/Users/alessiopinna/Documents/workspaces/il-tempio-di-bacco/.metadata/.plugins/org.eclipse.m2e.launching/launches/m2conf15756931537171680133.tmp -Dmaven.multiModuleProjectDirectory=/Users/alessiopinna/Documents/workspaces/il-tempio-di-bacco/shopbe -javaagent:/Users/alessiopinna/eclipse/jee-2020-09/Eclipse.app/Contents/Eclipse/configuration/org.eclipse.osgi/399/0/.cp/lib/javaagent-shaded.jar -Dfile.encoding=UTF-8 org.codehaus.plexus.classworlds.launcher.Launcher -B clean install spring-boot:run -DskipTests

Host: MacBookAir10,1 x86_64 2400 MHz, 8 cores, 8G, Darwin 20.1.0
Time: Mon Dec 14 15:29:00 2020 CET elapsed time: 890.053966 seconds (0d 0h 14m 50s)

---------------  T H R E A D  ---------------

Current thread (0x00007f90dc009000):  JavaThread "Signal Dispatcher" daemon [_thread_in_vm, id=41475, stack(0x000000030d827000,0x000000030d927000)]

Stack: [0x000000030d827000,0x000000030d927000],  sp=0x000000030d925340,  free space=1016k
Native frames: (J=compiled Java code, A=aot compiled Java code, j=interpreted, Vv=VM code, C=native code)
C  [libjimage.dylib+0x193e]  _ZN12ImageStrings4findEP6EndianPKcPij+0x52
C  [libjimage.dylib+0x2598]  _ZNK15ImageFileReader19find_location_indexEPKcPy+0x3e
C  [libjimage.dylib+0x28d8]  JIMAGE_FindResource+0xcf
V  [libjvm.dylib+0x1fc817]  _ZN19ClassPathImageEntry11open_streamEPKcP6Thread+0x45
V  [libjvm.dylib+0x1fed8a]